<?xml version="1.0" encoding="UTF-8"?>
<!-- Generated by org.testng.reporters.JUnitXMLReporter -->
<testsuite ignored="0" hostname="DESKTOP-1D934TS" failures="2" tests="4" name="Test" time="18.274" errors="0" timestamp="2025-10-19T15:56:30 IST">
  <testcase classname="StockExchange.BaseStock" name="openingAboutNSE" time="3.47"/>
  <testcase classname="StockExchange.BaseStock" name="openingList" time="2.634"/>
  <testcase classname="StockExchange.BaseStock" name="openingInvest" time="2.178">
    <failure type="java.lang.AssertionError" message="The following asserts failed:
	expected [NSE - National Stock Exchange of India Ltd: Live Share/Stock Market News &amp;amp;amp; Updates, Quotes- Nseindia.com] but found [Overview],
	expected [NSE - National Stock Exchange of India Ltd: Live Share/Stock Market News &amp;amp; Updates, Quotes- Nseindia.com] but found [Stamp Duty, Compliance for Trading Members - NSE India]">
      <![CDATA[java.lang.AssertionError: The following asserts failed:
expected [NSE - National Stock Exchange of India Ltd: Live Share/Stock Market News &amp; Updates, Quotes- Nseindia.com] but found [Overview],
expected [NSE - National Stock Exchange of India Ltd: Live Share/Stock Market News &amp; Updates, Quotes- Nseindia.com] but found [Stamp Duty, Compliance for Trading Members - NSE India]
at StockExchange.HomePage.openingInvest(HomePage.java:93)
at StockExchange.BaseStock.openingInvest(BaseStock.java:66)
at java.base/java.util.ArrayList.forEach(ArrayList.java:1596)
... Removed 27 stack frames]]>
    </failure>
  </testcase> <!-- openingInvest -->
  <testcase classname="StockExchange.BaseStock" name="testFailExample" time="2.89">
    <failure type="org.openqa.selenium.StaleElementReferenceException" message="stale element reference: stale element not found
  (Session info: chrome=141.0.7390.108)
For documentation on this error, please visit: https://www.selenium.dev/documentation/webdriver/troubleshooting/errors#stale-element-reference-exception
Build info: version: &amp;apos;4.34.0&amp;apos;, revision: &amp;apos;707dcb4246*&amp;apos;
System info: os.name: &amp;apos;Windows 11&amp;apos;, os.arch: &amp;apos;amd64&amp;apos;, os.version: &amp;apos;10.0&amp;apos;, java.version: &amp;apos;21.0.3&amp;apos;
Driver info: org.openqa.selenium.chrome.ChromeDriver
Command: [f4a8fe4a46d84d3ab5f1c0b348b8e3f1, actions {actions=[org.openqa.selenium.interactions.Sequence@5f404594]}]
Capabilities {acceptInsecureCerts: false, browserName: chrome, browserVersion: 141.0.7390.108, chrome: {chromedriverVersion: 141.0.7390.78 (2b53b0e231fc..., userDataDir: C:\Users\Ravikumar RD\AppDa...}, fedcm:accounts: true, goog:chromeOptions: {debuggerAddress: localhost:14918}, networkConnectionEnabled: false, pageLoadStrategy: normal, platformName: windows, proxy: Proxy(), se:cdp: ws://localhost:14918/devtoo..., se:cdpVersion: 141.0.7390.108, setWindowRect: true, strictFileInteractability: false, timeouts: {implicit: 0, pageLoad: 300000, script: 30000}, unhandledPromptBehavior: dismiss and notify, webauthn:extension:credBlob: true, webauthn:extension:largeBlob: true, webauthn:extension:minPinLength: true, webauthn:extension:prf: true, webauthn:virtualAuthenticators: true}
Session ID: f4a8fe4a46d84d3ab5f1c0b348b8e3f1">
      <![CDATA[org.openqa.selenium.StaleElementReferenceException: stale element reference: stale element not found
  (Session info: chrome=141.0.7390.108)
For documentation on this error, please visit: https://www.selenium.dev/documentation/webdriver/troubleshooting/errors#stale-element-reference-exception
Build info: version: '4.34.0', revision: '707dcb4246*'
System info: os.name: 'Windows 11', os.arch: 'amd64', os.version: '10.0', java.version: '21.0.3'
Driver info: org.openqa.selenium.chrome.ChromeDriver
Command: [f4a8fe4a46d84d3ab5f1c0b348b8e3f1, actions {actions=[org.openqa.selenium.interactions.Sequence@5f404594]}]
Capabilities {acceptInsecureCerts: false, browserName: chrome, browserVersion: 141.0.7390.108, chrome: {chromedriverVersion: 141.0.7390.78 (2b53b0e231fc..., userDataDir: C:\Users\Ravikumar RD\AppDa...}, fedcm:accounts: true, goog:chromeOptions: {debuggerAddress: localhost:14918}, networkConnectionEnabled: false, pageLoadStrategy: normal, platformName: windows, proxy: Proxy(), se:cdp: ws://localhost:14918/devtoo..., se:cdpVersion: 141.0.7390.108, setWindowRect: true, strictFileInteractability: false, timeouts: {implicit: 0, pageLoad: 300000, script: 30000}, unhandledPromptBehavior: dismiss and notify, webauthn:extension:credBlob: true, webauthn:extension:largeBlob: true, webauthn:extension:minPinLength: true, webauthn:extension:prf: true, webauthn:virtualAuthenticators: true}
Session ID: f4a8fe4a46d84d3ab5f1c0b348b8e3f1
at org.openqa.selenium.remote.ErrorCodec.decode(ErrorCodec.java:167)
at org.openqa.selenium.remote.codec.w3c.W3CHttpResponseCodec.decode(W3CHttpResponseCodec.java:138)
at org.openqa.selenium.remote.codec.w3c.W3CHttpResponseCodec.decode(W3CHttpResponseCodec.java:50)
at org.openqa.selenium.remote.HttpCommandExecutor.execute(HttpCommandExecutor.java:215)
at org.openqa.selenium.remote.service.DriverCommandExecutor.invokeExecute(DriverCommandExecutor.java:216)
at org.openqa.selenium.remote.service.DriverCommandExecutor.execute(DriverCommandExecutor.java:174)
at org.openqa.selenium.remote.RemoteWebDriver.execute(RemoteWebDriver.java:544)
at org.openqa.selenium.remote.RemoteWebDriver.perform(RemoteWebDriver.java:630)
at org.openqa.selenium.interactions.Actions$BuiltAction.perform(Actions.java:616)
at StockExchange.HomePage.failTest(HomePage.java:100)
at StockExchange.BaseStock.testFailExample(BaseStock.java:72)
at java.base/java.util.ArrayList.forEach(ArrayList.java:1596)
... Removed 28 stack frames]]>
    </failure>
  </testcase> <!-- testFailExample -->
</testsuite> <!-- Test -->
